make all --print-data-base --no-builtin-variables --no-builtin-rules --question
make: *** No rule to make target 'all'.  Stop.

# GNU Make 4.2.1
# Built for x86_64-pc-linux-gnu
# Copyright (C) 1988-2016 Free Software Foundation, Inc.
# License GPLv3+: GNU GPL version 3 or later <http://gnu.org/licenses/gpl.html>
# This is free software: you are free to change and redistribute it.
# There is NO WARRANTY, to the extent permitted by law.

# Make data base, printed on Fri Jul 29 10:55:56 2022

# Variables

# 'override' directive
GNUMAKEFLAGS := 
# automatic
<D = $(patsubst %/,%,$(dir $<))
# makefile (from '/opt/devkitpro/devkitARM/base_tools', line 19)
PREFIX := arm-none-eabi-
# automatic
?F = $(notdir $?)
# makefile (from '/opt/devkitpro/devkitARM/base_tools', line 5)
UNAME_R := 5.15.0-41-generic
# environment
DESKTOP_SESSION = ubuntu
# default
.SHELLFLAGS := -c
# makefile (from '/opt/devkitpro/devkitARM/base_tools', line 44)
SILENTCMD := @
# environment
XDG_SESSION_CLASS = user
# environment
SNAP_COMMON = /var/snap/code/common
# environment
XDG_SESSION_TYPE = x11
# makefile (from 'Makefile', line 23)
TARGET := gba-drum-V2
# automatic
?D = $(patsubst %/,%,$(dir $?))
# environment
IM_CONFIG_PHASE = 1
# makefile (from 'Makefile', line 26)
INCLUDES := include
# automatic
@D = $(patsubst %/,%,$(dir $@))
# environment
XAUTHORITY = /run/user/1000/gdm/Xauthority
# environment
GDMSESSION = ubuntu
# environment
XMODIFIERS = @im=ibus
# makefile
CURDIR := /home/thibault/Documents/TRAVAIL/sites/applisMusique/HOMEBREWS/gba/drum_sequencer_gba_de_github/gba-drum-V2
# makefile
SHELL = /bin/sh
# makefile (from '/opt/devkitpro/devkitARM/base_tools', line 27)
NM := arm-none-eabi-gcc-nm
# environment
SNAP_DATA = /var/snap/code/102
# environment
VSCODE_NLS_CONFIG = {"locale":"fr","availableLanguages":{},"_languagePackSupport":true}
# environment
JOURNAL_STREAM = 8:66057
# makefile (from 'Makefile', line 41)
CFLAGS := -g -Wall -O3 -mcpu=arm7tdmi -mtune=arm7tdmi -fomit-frame-pointer -ffast-math -mthumb -mthumb-interwork 
# environment
XDG_CONFIG_DIRS = /etc/xdg/xdg-ubuntu:/etc/xdg
# environment
SNAP_INSTANCE_NAME = code
# environment
SNAP_ARCH = amd64
# makefile (from '/opt/devkitpro/devkitARM/base_tools', line 1)
MAKEFILE_LIST :=  Makefile /opt/devkitpro/devkitARM/gba_rules /opt/devkitpro/devkitARM/base_rules /opt/devkitpro/devkitARM/base_tools
# automatic
@F = $(notdir $@)
# makefile (from 'Makefile', line 78)
CPPFILES := 
# makefile (from '/opt/devkitpro/devkitARM/base_tools', line 43)
SILENTMSG := @echo
# environment
GIO_LAUNCHED_DESKTOP_FILE = /var/lib/snapd/desktop/applications/code_code.desktop
# environment
USERNAME = thibault
# makefile (from 'Makefile', line 25)
SOURCES := source
# makefile (from '/opt/devkitpro/devkitARM/gba_rules', line 9)
LIBGBA := /opt/devkitpro/libgba
# makefile (from 'Makefile', line 43)
CXXFLAGS := -g -Wall -O3 -mcpu=arm7tdmi -mtune=arm7tdmi -fomit-frame-pointer -ffast-math -mthumb -mthumb-interwork  -fno-rtti -fno-exceptions
# environment
XDG_DATA_DIRS = /usr/share/ubuntu:/usr/local/share/:/usr/share/:/var/lib/snapd/desktop
# makefile (from 'Makefile', line 109)
LIBPATHS := -L/opt/devkitpro/libgba/lib -L/opt/devkitpro/libtonc/lib
# environment
DBUS_SESSION_BUS_ADDRESS = unix:path=/run/user/1000/bus,guid=26d63de5b577c97fe487ad9662e379d6
# makefile (from '/opt/devkitpro/devkitARM/base_tools', line 23)
AS := arm-none-eabi-as
# makefile (from 'Makefile', line 77)
CFILES := drum.c
# environment
_ = /snap/code/102/usr/share/code/code
# environment
INFOPATH = /home/linuxbrew/.linuxbrew/share/info:
# environment
MANAGERPID = 2772
# makefile (from 'Makefile', line 28)
MUSIC := maxmod_data
# environment
LESSOPEN = | /usr/bin/lesspipe %s
# environment
VSCODE_CWD = /home/thibault
# environment
GSETTINGS_SCHEMA_DIR = /snap/code/102/usr/share/glib-2.0/schemas
# default
MAKE_HOST := x86_64-pc-linux-gnu
# makefile (from '/opt/devkitpro/devkitARM/base_tools', line 14)
PATH := /opt/devkitpro/tools/bin:/opt/devkitpro/devkitARM/bin:/home/thibault/.local/bin:/home/thibault/.symfony/bin:/opt/devkitpro/tools/bin:/home/linuxbrew/.linuxbrew/bin:/home/linuxbrew/.linuxbrew/sbin:/home/thibault/.local/bin:/opt/devkitpro/tools/bin:/usr/local/sbin:/usr/local/bin:/usr/sbin:/usr/bin:/sbin:/bin:/usr/games:/usr/local/games:/snap/bin
# makefile (from 'Makefile', line 89)
LD := arm-none-eabi-gcc
# environment
GPG_AGENT_INFO = /run/user/1000/gnupg/S.gpg-agent:0:1
# environment
SESSION_MANAGER = local/comput2:@/tmp/.ICE-unix/3006,unix/comput2:/tmp/.ICE-unix/3006
# environment
XDG_RUNTIME_DIR = /run/user/1000
# environment
GDK_PIXBUF_MODULE_FILE = /home/thibault/snap/code/common/.cache/gdk-pixbuf-loaders.cache
# makefile (from 'Makefile', line 82)
AUDIOFILES := /home/thibault/Documents/TRAVAIL/sites/applisMusique/HOMEBREWS/gba/drum_sequencer_gba_de_github/gba-drum-V2/maxmod_data/lsdj3.wav /home/thibault/Documents/TRAVAIL/sites/applisMusique/HOMEBREWS/gba/drum_sequencer_gba_de_github/gba-drum-V2/maxmod_data/R8.TomDry1.wav /home/thibault/Documents/TRAVAIL/sites/applisMusique/HOMEBREWS/gba/drum_sequencer_gba_de_github/gba-drum-V2/maxmod_data/R8.CongaMute.wav /home/thibault/Documents/TRAVAIL/sites/applisMusique/HOMEBREWS/gba/drum_sequencer_gba_de_github/gba-drum-V2/maxmod_data/PO15.WAV /home/thibault/Documents/TRAVAIL/sites/applisMusique/HOMEBREWS/gba/drum_sequencer_gba_de_github/gba-drum-V2/maxmod_data/R8.SDPicolo.wav /home/thibault/Documents/TRAVAIL/sites/applisMusique/HOMEBREWS/gba/drum_sequencer_gba_de_github/gba-drum-V2/maxmod_data/arsdfmgame.wav /home/thibault/Documents/TRAVAIL/sites/applisMusique/HOMEBREWS/gba/drum_sequencer_gba_de_github/gba-drum-V2/maxmod_data/kit22.wav /home/thibault/Documents/TRAVAIL/sites/applisMusique/HOMEBREWS/gba/drum_sequencer_gba_de_github/gba-drum-V2/maxmod_data/jap2.wav /home/thibault/Documents/TRAVAIL/sites/applisMusique/HOMEBREWS/gba/drum_sequencer_gba_de_github/gba-drum-V2/maxmod_data/lsdj2.wav /home/thibault/Documents/TRAVAIL/sites/applisMusique/HOMEBREWS/gba/drum_sequencer_gba_de_github/gba-drum-V2/maxmod_data/PO22.WAV /home/thibault/Documents/TRAVAIL/sites/applisMusique/HOMEBREWS/gba/drum_sequencer_gba_de_github/gba-drum-V2/maxmod_data/dr55hat.wav /home/thibault/Documents/TRAVAIL/sites/applisMusique/HOMEBREWS/gba/drum_sequencer_gba_de_github/gba-drum-V2/maxmod_data/fpops26.wav /home/thibault/Documents/TRAVAIL/sites/applisMusique/HOMEBREWS/gba/drum_sequencer_gba_de_github/gba-drum-V2/maxmod_data/kit25.wav /home/thibault/Documents/TRAVAIL/sites/applisMusique/HOMEBREWS/gba/drum_sequencer_gba_de_github/gba-drum-V2/maxmod_data/PO25.WAV /home/thibault/Documents/TRAVAIL/sites/applisMusique/HOMEBREWS/gba/drum_sequencer_gba_de_github/gba-drum-V2/maxmod_data/kit23.wav /home/thibault/Documents/TRAVAIL/sites/applisMusique/HOMEBREWS/gba/drum_sequencer_gba_de_github/gba-drum-V2/maxmod_data/TR727.PadDrum.wav /home/thibault/Documents/TRAVAIL/sites/applisMusique/HOMEBREWS/gba/drum_sequencer_gba_de_github/gba-drum-V2/maxmod_data/jap4.wav /home/thibault/Documents/TRAVAIL/sites/applisMusique/HOMEBREWS/gba/drum_sequencer_gba_de_github/gba-drum-V2/maxmod_data/Live.HH1C.wav /home/thibault/Documents/TRAVAIL/sites/applisMusique/HOMEBREWS/gba/drum_sequencer_gba_de_github/gba-drum-V2/maxmod_data/ObermeimDMX.Toms1.wav /home/thibault/Documents/TRAVAIL/sites/applisMusique/HOMEBREWS/gba/drum_sequencer_gba_de_github/gba-drum-V2/maxmod_data/TR808.Claves.wav /home/thibault/Documents/TRAVAIL/sites/applisMusique/HOMEBREWS/gba/drum_sequencer_gba_de_github/gba-drum-V2/maxmod_data/jap1.wav /home/thibault/Documents/TRAVAIL/sites/applisMusique/HOMEBREWS/gba/drum_sequencer_gba_de_github/gba-drum-V2/maxmod_data/ObermeimDMX.Toms2.wav /home/thibault/Documents/TRAVAIL/sites/applisMusique/HOMEBREWS/gba/drum_sequencer_gba_de_github/gba-drum-V2/maxmod_data/clap2.wav /home/thibault/Documents/TRAVAIL/sites/applisMusique/HOMEBREWS/gba/drum_sequencer_gba_de_github/gba-drum-V2/maxmod_data/pops-sd-5.wav /home/thibault/Documents/TRAVAIL/sites/applisMusique/HOMEBREWS/gba/drum_sequencer_gba_de_github/gba-drum-V2/maxmod_data/lsdj7.wav /home/thibault/Documents/TRAVAIL/sites/applisMusique/HOMEBREWS/gba/drum_sequencer_gba_de_github/gba-drum-V2/maxmod_data/ind1.wav /home/thibault/Documents/TRAVAIL/sites/applisMusique/HOMEBREWS/gba/drum_sequencer_gba_de_github/gba-drum-V2/maxmod_data/PO20.WAV /home/thibault/Documents/TRAVAIL/sites/applisMusique/HOMEBREWS/gba/drum_sequencer_gba_de_github/gba-drum-V2/maxmod_data/ClassicSnare2.wav /home/thibault/Documents/TRAVAIL/sites/applisMusique/HOMEBREWS/gba/drum_sequencer_gba_de_github/gba-drum-V2/maxmod_data/TR727.CongaL.wav /home/thibault/Documents/TRAVAIL/sites/applisMusique/HOMEBREWS/gba/drum_sequencer_gba_de_github/gba-drum-V2/maxmod_data/TR727.AgogoL.wav /home/thibault/Documents/TRAVAIL/sites/applisMusique/HOMEBREWS/gba/drum_sequencer_gba_de_github/gba-drum-V2/maxmod_data/pops-sd-9.wav /home/thibault/Documents/TRAVAIL/sites/applisMusique/HOMEBREWS/gba/drum_sequencer_gba_de_github/gba-drum-V2/maxmod_data/TR727.MetalL.wav /home/thibault/Documents/TRAVAIL/sites/applisMusique/HOMEBREWS/gba/drum_sequencer_gba_de_github/gba-drum-V2/maxmod_data/R8.CongaLow.wav /home/thibault/Documents/TRAVAIL/sites/applisMusique/HOMEBREWS/gba/drum_sequencer_gba_de_github/gba-drum-V2/maxmod_data/TrianglC.wav /home/thibault/Documents/TRAVAIL/sites/applisMusique/HOMEBREWS/gba/drum_sequencer_gba_de_github/gba-drum-V2/maxmod_data/kit24.wav /home/thibault/Documents/TRAVAIL/sites/applisMusique/HOMEBREWS/gba/drum_sequencer_gba_de_github/gba-drum-V2/maxmod_data/R8.CongaSlap.wav /home/thibault/Documents/TRAVAIL/sites/applisMusique/HOMEBREWS/gba/drum_sequencer_gba_de_github/gba-drum-V2/maxmod_data/PO16.WAV /home/thibault/Documents/TRAVAIL/sites/applisMusique/HOMEBREWS/gba/drum_sequencer_gba_de_github/gba-drum-V2/maxmod_data/pops-rim1.wav /home/thibault/Documents/TRAVAIL/sites/applisMusique/HOMEBREWS/gba/drum_sequencer_gba_de_github/gba-drum-V2/maxmod_data/PO24.WAV /home/thibault/Documents/TRAVAIL/sites/applisMusique/HOMEBREWS/gba/drum_sequencer_gba_de_github/gba-drum-V2/maxmod_data/kit27.wav /home/thibault/Documents/TRAVAIL/sites/applisMusique/HOMEBREWS/gba/drum_sequencer_gba_de_github/gba-drum-V2/maxmod_data/R8.AgogoOct.wav /home/thibault/Documents/TRAVAIL/sites/applisMusique/HOMEBREWS/gba/drum_sequencer_gba_de_github/gba-drum-V2/maxmod_data/pops-clave1.wav /home/thibault/Documents/TRAVAIL/sites/applisMusique/HOMEBREWS/gba/drum_sequencer_gba_de_github/gba-drum-V2/maxmod_data/ObermeimDMX.Toms4.wav /home/thibault/Documents/TRAVAIL/sites/applisMusique/HOMEBREWS/gba/drum_sequencer_gba_de_github/gba-drum-V2/maxmod_data/TR808.SD3.wav /home/thibault/Documents/TRAVAIL/sites/applisMusique/HOMEBREWS/gba/drum_sequencer_gba_de_github/gba-drum-V2/maxmod_data/arbdclyap.wav /home/thibault/Documents/TRAVAIL/sites/applisMusique/HOMEBREWS/gba/drum_sequencer_gba_de_github/gba-drum-V2/maxmod_data/Live.dryBD.wav /home/thibault/Documents/TRAVAIL/sites/applisMusique/HOMEBREWS/gba/drum_sequencer_gba_de_github/gba-drum-V2/maxmod_data/TR727.MetalH.wav /home/thibault/Documents/TRAVAIL/sites/applisMusique/HOMEBREWS/gba/drum_sequencer_gba_de_github/gba-drum-V2/maxmod_data/dr55rim.wav /home/thibault/Documents/TRAVAIL/sites/applisMusique/HOMEBREWS/gba/drum_sequencer_gba_de_github/gba-drum-V2/maxmod_data/sync.wav /home/thibault/Documents/TRAVAIL/sites/applisMusique/HOMEBREWS/gba/drum_sequencer_gba_de_github/gba-drum-V2/maxmod_data/R8.Agogo.wav /home/thibault/Documents/TRAVAIL/sites/applisMusique/HOMEBREWS/gba/drum_sequencer_gba_de_github/gba-drum-V2/maxmod_data/kit28.wav /home/thibault/Documents/TRAVAIL/sites/applisMusique/HOMEBREWS/gba/drum_sequencer_gba_de_github/gba-drum-V2/maxmod_data/PO23.WAV /home/thibault/Documents/TRAVAIL/sites/applisMusique/HOMEBREWS/gba/drum_sequencer_gba_de_github/gba-drum-V2/maxmod_data/TR727.CongaH.wav /home/thibault/Documents/TRAVAIL/sites/applisMusique/HOMEBREWS/gba/drum_sequencer_gba_de_github/gba-drum-V2/maxmod_data/Coucou.wav /home/thibault/Documents/TRAVAIL/sites/applisMusique/HOMEBREWS/gba/drum_sequencer_gba_de_github/gba-drum-V2/maxmod_data/jap6.wav /home/thibault/Documents/TRAVAIL/sites/applisMusique/HOMEBREWS/gba/drum_sequencer_gba_de_github/gba-drum-V2/maxmod_data/PO21.WAV /home/thibault/Documents/TRAVAIL/sites/applisMusique/HOMEBREWS/gba/drum_sequencer_gba_de_github/gba-drum-V2/maxmod_data/lsdj1.wav /home/thibault/Documents/TRAVAIL/sites/applisMusique/HOMEBREWS/gba/drum_sequencer_gba_de_github/gba-drum-V2/maxmod_data/TR727.AgogoH.wav /home/thibault/Documents/TRAVAIL/sites/applisMusique/HOMEBREWS/gba/drum_sequencer_gba_de_github/gba-drum-V2/maxmod_data/ObermeimDMX.HHC.wav /home/thibault/Documents/TRAVAIL/sites/applisMusique/HOMEBREWS/gba/drum_sequencer_gba_de_github/gba-drum-V2/maxmod_data/PO17.WAV /home/thibault/Documents/TRAVAIL/sites/applisMusique/HOMEBREWS/gba/drum_sequencer_gba_de_github/gba-drum-V2/maxmod_data/kit26.wav /home/thibault/Documents/TRAVAIL/sites/applisMusique/HOMEBREWS/gba/drum_sequencer_gba_de_github/gba-drum-V2/maxmod_data/pops-sd14.wav /home/thibault/Documents/TRAVAIL/sites/applisMusique/HOMEBREWS/gba/drum_sequencer_gba_de_github/gba-drum-V2/maxmod_data/ObermeimDMX.Claps.wav /home/thibault/Documents/TRAVAIL/sites/applisMusique/HOMEBREWS/gba/drum_sequencer_gba_de_github/gba-drum-V2/maxmod_data/PO26.WAV /home/thibault/Documents/TRAVAIL/sites/applisMusique/HOMEBREWS/gba/drum_sequencer_gba_de_github/gba-drum-V2/maxmod_data/ObermeimDMX.SD3.wav /home/thibault/Documents/TRAVAIL/sites/applisMusique/HOMEBREWS/gba/drum_sequencer_gba_de_github/gba-drum-V2/maxmod_data/Linn9000.CongaH.wav /home/thibault/Documents/TRAVAIL/sites/applisMusique/HOMEBREWS/gba/drum_sequencer_gba_de_github/gba-drum-V2/maxmod_data/Linn9000.CongaL.wav /home/thibault/Documents/TRAVAIL/sites/applisMusique/HOMEBREWS/gba/drum_sequencer_gba_de_github/gba-drum-V2/maxmod_data/PunchSD.wav /home/thibault/Documents/TRAVAIL/sites/applisMusique/HOMEBREWS/gba/drum_sequencer_gba_de_github/gba-drum-V2/maxmod_data/ClassicKick.wav /home/thibault/Documents/TRAVAIL/sites/applisMusique/HOMEBREWS/gba/drum_sequencer_gba_de_github/gba-drum-V2/maxmod_data/PO12.WAV /home/thibault/Documents/TRAVAIL/sites/applisMusique/HOMEBREWS/gba/drum_sequencer_gba_de_github/gba-drum-V2/maxmod_data/PO14.WAV /home/thibault/Documents/TRAVAIL/sites/applisMusique/HOMEBREWS/gba/drum_sequencer_gba_de_github/gba-drum-V2/maxmod_data/R8.RimShot2.wav /home/thibault/Documents/TRAVAIL/sites/applisMusique/HOMEBREWS/gba/drum_sequencer_gba_de_github/gba-drum-V2/maxmod_data/dr55snare2.wav /home/thibault/Documents/TRAVAIL/sites/applisMusique/HOMEBREWS/gba/drum_sequencer_gba_de_github/gba-drum-V2/maxmod_data/R8.Clave.wav /home/thibault/Documents/TRAVAIL/sites/applisMusique/HOMEBREWS/gba/drum_sequencer_gba_de_github/gba-drum-V2/maxmod_data/PO13.WAV /home/thibault/Documents/TRAVAIL/sites/applisMusique/HOMEBREWS/gba/drum_sequencer_gba_de_github/gba-drum-V2/maxmod_data/ObermeimDMX.Shaker3.wav /home/thibault/Documents/TRAVAIL/sites/applisMusique/HOMEBREWS/gba/drum_sequencer_gba_de_github/gba-drum-V2/maxmod_data/kit21.wav /home/thibault/Documents/TRAVAIL/sites/applisMusique/HOMEBREWS/gba/drum_sequencer_gba_de_github/gba-drum-V2/maxmod_data/aa.wav /home/thibault/Documents/TRAVAIL/sites/applisMusique/HOMEBREWS/gba/drum_sequencer_gba_de_github/gba-drum-V2/maxmod_data/ChipShopPOBassSol.wav /home/thibault/Documents/TRAVAIL/sites/applisMusique/HOMEBREWS/gba/drum_sequencer_gba_de_github/gba-drum-V2/maxmod_data/PO18.WAV /home/thibault/Documents/TRAVAIL/sites/applisMusique/HOMEBREWS/gba/drum_sequencer_gba_de_github/gba-drum-V2/maxmod_data/pops-sd-3.wav /home/thibault/Documents/TRAVAIL/sites/applisMusique/HOMEBREWS/gba/drum_sequencer_gba_de_github/gba-drum-V2/maxmod_data/README.md /home/thibault/Documents/TRAVAIL/sites/applisMusique/HOMEBREWS/gba/drum_sequencer_gba_de_github/gba-drum-V2/maxmod_data/dr55snare.wav /home/thibault/Documents/TRAVAIL/sites/applisMusique/HOMEBREWS/gba/drum_sequencer_gba_de_github/gba-drum-V2/maxmod_data/jap3.wav /home/thibault/Documents/TRAVAIL/sites/applisMusique/HOMEBREWS/gba/drum_sequencer_gba_de_github/gba-drum-V2/maxmod_data/arsdfmwoody.wav
# environment
SNAP = /snap/code/102
# default
.INCLUDE_DIRS = /usr/include /usr/local/include /usr/include
# makefile (from 'Makefile', line 58)
LIBDIRS := /opt/devkitpro/libgba
# makefile (from 'Makefile', line 71)
VPATH := /home/thibault/Documents/TRAVAIL/sites/applisMusique/HOMEBREWS/gba/drum_sequencer_gba_de_github/gba-drum-V2/source /home/thibault/Documents/TRAVAIL/sites/applisMusique/HOMEBREWS/gba/drum_sequencer_gba_de_github/gba-drum-V2/font 
# environment
SNAP_VERSION = 3b889b09
# makefile (from '/opt/devkitpro/devkitARM/base_tools', line 24)
AR := arm-none-eabi-gcc-ar
# environment
XDG_MENU_PREFIX = gnome-
# environment
DISABLE_WAYLAND = 1
# environment
ELECTRON_RUN_AS_NODE = 1
# environment
INVOCATION_ID = 7a73a19daad5440fae77b4460569859e
# makefile (from 'Makefile', line 46)
LDFLAGS = -g $(ARCH) -Wl,-Map,$(notdir $*.map)
# environment
GDK_PIXBUF_MODULEDIR = /snap/code/102/usr/lib/x86_64-linux-gnu/gdk-pixbuf-2.0/2.10.0/loaders
# default
.FEATURES := target-specific order-only second-expansion else-if shortest-stem undefine oneshell archives jobserver output-sync check-symlink load
# environment
LS_COLORS = 
# environment
XDG_SESSION_DESKTOP = ubuntu
# environment
SSH_AUTH_SOCK = /run/user/1000/keyring/ssh
# environment
GIO_LAUNCHED_DESKTOP_FILE_PID = 25035
# automatic
%F = $(notdir $%)
# makefile (from '/opt/devkitpro/devkitARM/base_tools', line 4)
UNAME_S := Linux
# environment
DISPLAY = :0
# makefile (from '/opt/devkitpro/devkitARM/base_tools', line 13)
DEVKITPATH = $(shell echo "$(DEVKITPRO)" | sed -e 's/^\([a-zA-Z]\):/\/\1/')
# makefile (from '/opt/devkitpro/devkitARM/gba_rules', line 7)
PORTLIBS := /opt/devkitpro/portlibs/gba /opt/devkitpro/portlibs/armv4
# environment
SNAP_INSTANCE_KEY = 
# environment
PWD = /home/thibault/Documents/TRAVAIL/sites/applisMusique/HOMEBREWS/gba/drum_sequencer_gba_de_github/gba-drum-V2
# default
.LOADED := 
# environment
SSH_AGENT_PID = 2966
# environment
ORIGINAL_XDG_CURRENT_DESKTOP = ubuntu:GNOME
# environment
GTK_MODULES = gail:atk-bridge
# environment
MANPATH = /home/linuxbrew/.linuxbrew/share/man:
# environment
VSCODE_AMD_ENTRYPOINT = vs/workbench/api/node/extensionHostProcess
# environment
HOME = /home/thibault
# makefile (from 'Makefile', line 75)
DEPSDIR := /home/thibault/Documents/TRAVAIL/sites/applisMusique/HOMEBREWS/gba/drum_sequencer_gba_de_github/gba-drum-V2/build
# environment
HOMEBREW_CELLAR = /home/linuxbrew/.linuxbrew/Cellar
# environment
VSCODE_CLI = 1
# makefile (from '/opt/devkitpro/devkitARM/base_tools', line 30)
ISVC = $(or $(VCBUILDHELPER_COMMAND),$(MSBUILDEXTENSIONSPATH32),$(MSBUILDEXTENSIONSPATH))
# environment
VSCODE_CODE_CACHE_PATH = /home/thibault/.config/Code/CachedData/3b889b090b5ad5793f524b5d1d39fda662b96a2a
# environment
LOGNAME = thibault
# environment
APPLICATION_INSIGHTS_NO_DIAGNOSTIC_CHANNEL = true
# environment
SNAP_LIBRARY_PATH = /var/lib/snapd/lib/gl:/var/lib/snapd/lib/gl32:/var/lib/snapd/void
# environment
SNAP_CONTEXT = -AS19Tt7U6Pkoh7uNRe4EgbA7emKqt269O_gGc9x4bpy7TSJDR1e
# makefile (from '/opt/devkitpro/devkitARM/base_tools', line 28)
RANLIB := arm-none-eabi-gcc-ranlib
# environment
ELECTRON_NO_ATTACH_CONSOLE = 1
# environment
LESSCLOSE = /usr/bin/lesspipe %s %s
# environment
SNAP_USER_COMMON = /home/thibault/snap/code/common
# environment
VSCODE_HANDLES_UNCAUGHT_ERRORS = true
# environment
GNOME_DESKTOP_SESSION_ID = this-is-deprecated
# automatic
^D = $(patsubst %/,%,$(dir $^))
# makefile (from '/opt/devkitpro/devkitARM/base_tools', line 50)
bin2o = 	bin2s -a 4 -H `(echo $(<F) | tr . _)`.h $< | $(AS) -o $(<F).o
# environment
DEVKITPRO = /opt/devkitpro
# environment
MAKELEVEL := 0
# environment
SNAP_REAL_HOME = /home/thibault
# default
MAKE = $(MAKE_COMMAND)
# default
MAKECMDGOALS := all
# environment
QT_IM_MODULE = ibus
# environment
DEVKITARM = /opt/devkitpro/devkitARM
# environment
SNAP_USER_DATA = /home/thibault/snap/code/102
# environment
SHLVL = 0
# makefile (from '/opt/devkitpro/devkitARM/base_tools', line 21)
CC := arm-none-eabi-gcc
# environment
GNOME_SHELL_SESSION_MODE = ubuntu
# makefile (from 'Makefile', line 45)
ASFLAGS := -g -mthumb -mthumb-interwork
# default
MAKE_VERSION := 4.2.1
# environment
USER = thibault
# environment
SNAP_REVISION = 102
# makefile
.DEFAULT_GOAL := build
# makefile (from 'Makefile', line 104)
INCLUDE := -iquote /home/thibault/Documents/TRAVAIL/sites/applisMusique/HOMEBREWS/gba/drum_sequencer_gba_de_github/gba-drum-V2/include -I/opt/devkitpro/libgba/include -I/home/thibault/Documents/TRAVAIL/sites/applisMusique/HOMEBREWS/gba/drum_sequencer_gba_de_github/gba-drum-V2/build -I/opt/devkitpro/libtonc/include
# environment
XDG_CURRENT_DESKTOP = Unity
# environment
LIBVIRT_DEFAULT_URI = qemu:///system
# makefile (from 'Makefile', line 79)
SFILES := 
# automatic
%D = $(patsubst %/,%,$(dir $%))
# default
MAKE_COMMAND := make
# default
.VARIABLES := 
# automatic
 
*F = $(notdir $*)
# environment
VSCODE_IPC_HOOK = /run/user/1000/vscode-b29da0f6-1.69.2-main.sock
# environment
BAMF_DESKTOP_FILE_HINT = /var/lib/snapd/desktop/applications/code_code.desktop
# makefile (from 'Makefile', line 33)
ARCH := -mthumb -mthumb-interwork
# makefile
MAKEFLAGS = pqrR
# environment
MFLAGS = -pqrR
# automatic
*D = $(patsubst %/,%,$(dir $*))
# makefile (from '/opt/devkitpro/devkitARM/base_rules', line 6)
PORTLIBS_PATH := /opt/devkitpro/portlibs
# environment
HOMEBREW_SHELLENV_PREFIX = /home/linuxbrew/.linuxbrew
# environment
HOMEBREW_PREFIX = /home/linuxbrew/.linuxbrew
# automatic
+D = $(patsubst %/,%,$(dir $+))
# environment
GDK_BACKEND = x11
# makefile (from 'Makefile', line 27)
DATA := font
# automatic
+F = $(notdir $+)
# makefile (from '/opt/devkitpro/devkitARM/base_tools', line 26)
STRIP := arm-none-eabi-strip
# environment
HOMEBREW_REPOSITORY = /home/linuxbrew/.linuxbrew/Homebrew
# environment
QT_ACCESSIBILITY = 1
# makefile (from 'Makefile', line 69)
OUTPUT := /home/thibault/Documents/TRAVAIL/sites/applisMusique/HOMEBREWS/gba/drum_sequencer_gba_de_github/gba-drum-V2/gba-drum-V2
# 'override' directive
.SHELLSTATUS := 0
# default
MAKEFILES := 
# environment
SNAP_COOKIE = -AS19Tt7U6Pkoh7uNRe4EgbA7emKqt269O_gGc9x4bpy7TSJDR1e
# makefile (from 'Makefile', line 24)
BUILD := build
# automatic
<F = $(notdir $<)
# makefile (from '/opt/devkitpro/devkitARM/base_tools', line 22)
CXX := arm-none-eabi-g++
# environment
SNAP_NAME = code
# environment
LC_ALL = C
# environment
DBUS_STARTER_BUS_TYPE = session
# makefile (from 'Makefile', line 80)
BINFILES := r6502_portfont.bin r6502_portfont_original.bin soundbank.bin
# makefile (from 'Makefile', line 51)
LIBS := -lmm -lgba
# automatic
^F = $(notdir $^)
# makefile (from '/opt/devkitpro/devkitARM/base_tools', line 25)
OBJCOPY := arm-none-eabi-objcopy
# default
SUFFIXES := 
# environment
SNAP_REEXEC = 
# environment
CHROME_DESKTOP = code-url-handler.desktop
# environment
WINDOWPATH = 2
# environment
DEVKITPPC = /opt/devkitpro/devkitPPC
# makefile (from 'Makefile', line 98)
OFILES := r6502_portfont.bin.o r6502_portfont_original.bin.o soundbank.bin.o   drum.o 
# default
.RECIPEPREFIX := 
# environment
LANG = C
# environment
VSCODE_PID = 25085
# environment
DBUS_STARTER_ADDRESS = unix:path=/run/user/1000/bus,guid=26d63de5b577c97fe487ad9662e379d6
# variable set hash-table stats:
# Load=170/1024=17%, Rehash=0, Collisions=48/456=11%

# Pattern-specific Variable Values

# No pattern-specific variable values.

# Directories

# source (device 66311, inode 35915520): 3 files, no impossibilities.
# /home/thibault/Documents/TRAVAIL/sites/applisMusique/HOMEBREWS/gba/drum_sequencer_gba_de_github/gba-drum-V2/font (device 66311, inode 35915510): 4 files, no impossibilities.
# . (device 66311, inode 35915406): 20 files, no impossibilities.
# font (device 66311, inode 35915510): 4 files, no impossibilities.
# /home/thibault/Documents/TRAVAIL/sites/applisMusique/HOMEBREWS/gba/drum_sequencer_gba_de_github/gba-drum-V2/source (device 66311, inode 35915520): 3 files, no impossibilities.
# maxmod_data (device 66311, inode 35915517): 87 files, no impossibilities.

# 121 files, no impossibilities in 6 directories.

# Implicit Rules

%.a:
#  recipe to execute (from '/opt/devkitpro/devkitARM/base_rules', line 12):
	$(SILENTMSG) $(notdir $@)
	@rm -f $@
	$(SILENTCMD)$(AR) -rc $@ $^

%.arm.o: %.arm.cpp
#  recipe to execute (from '/opt/devkitpro/devkitARM/base_rules', line 18):
	$(SILENTMSG) $(notdir $<)
	$(SILENTCMD)$(CXX) -MMD -MP -MF $(DEPSDIR)/$*.arm.d $(CXXFLAGS) -marm -c $< -o $@ $(ERROR_FILTER)

%.arm.o: %.arm.c
#  recipe to execute (from '/opt/devkitpro/devkitARM/base_rules', line 23):
	$(SILENTMSG) $(notdir $<)
	$(SILENTCMD)$(CC) -MMD -MP -MF $(DEPSDIR)/$*.arm.d $(CFLAGS) -marm -c $< -o $@ $(ERROR_FILTER)

%.arm.o: %.arm.m
#  recipe to execute (from '/opt/devkitpro/devkitARM/base_rules', line 28):
	$(SILENTMSG) $(notdir $<)
	$(SILENTCMD)$(CC) -MMD -MP -MF $(DEPSDIR)/$*.arm.d $(OBJCFLAGS) -marm -c $< -o $@ $(ERROR_FILTER)

%.thumb.o: %.thumb.cpp
#  recipe to execute (from '/opt/devkitpro/devkitARM/base_rules', line 33):
	$(SILENTMSG) $(notdir $<)
	$(SILENTCMD)$(CXX) -MMD -MP -MF $(DEPSDIR)/$*.thumb.d $(CXXFLAGS) -mthumb -c $< -o $@ $(ERROR_FILTER)

%.thumb.o: %.thumb.c
#  recipe to execute (from '/opt/devkitpro/devkitARM/base_rules', line 38):
	$(SILENTMSG) $(notdir $<)
	$(SILENTCMD)$(CC) -MMD -MP -MF $(DEPSDIR)/$*.thumb.d $(CFLAGS) -mthumb -c $< -o $@ $(ERROR_FILTER)

%.thumb.o: %.thumb.m
#  recipe to execute (from '/opt/devkitpro/devkitARM/base_rules', line 43):
	$(SILENTMSG) $(notdir $<)
	$(SILENTCMD)$(CC) -MMD -MP -MF $(DEPSDIR)/$*.thumb.d $(OBJCFLAGS) -mthumb -c $< -o $@ $(ERROR_FILTER)

%.iwram.o: %.iwram.cpp
#  recipe to execute (from '/opt/devkitpro/devkitARM/base_rules', line 48):
	$(SILENTMSG) $(notdir $<)
	$(SILENTCMD)$(CXX) -MMD -MP -MF $(DEPSDIR)/$*.iwram.d $(CXXFLAGS) -marm -mlong-calls -c $< -o $@ $(ERROR_FILTER)

%.iwram.o: %.iwram.c
#  recipe to execute (from '/opt/devkitpro/devkitARM/base_rules', line 53):
	$(SILENTMSG) $(notdir $<)
	$(SILENTCMD)$(CC) -MMD -MP -MF $(DEPSDIR)/$*.iwram.d $(CFLAGS) -marm -mlong-calls -c $< -o $@ $(ERROR_FILTER)

%.iwram.o: %.iwram.m
#  recipe to execute (from '/opt/devkitpro/devkitARM/base_rules', line 58):
	$(SILENTMSG) $(notdir $<)
	$(SILENTCMD)$(CC) -MMD -MP -MF $(DEPSDIR)/$*.iwram.d $(OBJCFLAGS) -marm -mlong-calls -c $< -o $@ $(ERROR_FILTER)

%.itcm.o: %.itcm.cpp
#  recipe to execute (from '/opt/devkitpro/devkitARM/base_rules', line 63):
	$(SILENTMSG) $(notdir $<)
	$(SILENTCMD)$(CXX) -MMD -MP -MF $(DEPSDIR)/$*.itcm.d $(CXXFLAGS) -marm -mlong-calls -c $< -o $@ $(ERROR_FILTER)

%.itcm.o: %.itcm.c
#  recipe to execute (from '/opt/devkitpro/devkitARM/base_rules', line 68):
	$(SILENTMSG) $(notdir $<)
	$(SILENTCMD)$(CC) -MMD -MP -MF $(DEPSDIR)/$*.itcm.d $(CFLAGS) -marm -mlong-calls -c $< -o $@ $(ERROR_FILTER)

%.itcm.o: %.itcm.m
#  recipe to execute (from '/opt/devkitpro/devkitARM/base_rules', line 73):
	$(SILENTMSG) $(notdir $<)
	$(SILENTCMD)$(CC) -MMD -MP -MF $(DEPSDIR)/$*.itcm.d $(OBJCFLAGS) -marm -mlong-calls -c $< -o $@ $(ERROR_FILTER)

%.o: %.cpp
#  recipe to execute (from '/opt/devkitpro/devkitARM/base_rules', line 79):
	$(SILENTMSG) $(notdir $<)
	$(SILENTCMD)$(CXX) -MMD -MP -MF $(DEPSDIR)/$*.d $(CXXFLAGS) -c $< -o $@ $(ERROR_FILTER)

%.o: %.c
#  recipe to execute (from '/opt/devkitpro/devkitARM/base_rules', line 84):
	$(SILENTMSG) $(notdir $<)
	$(SILENTCMD)$(CC) -MMD -MP -MF $(DEPSDIR)/$*.d $(CFLAGS) -c $< -o $@ $(ERROR_FILTER)

%.o: %.m
#  recipe to execute (from '/opt/devkitpro/devkitARM/base_rules', line 89):
	$(SILENTMSG) $(notdir $<)
	$(SILENTCMD)$(CC) -MMD -MP -MF $(DEPSDIR)/$*.d $(OBJCFLAGS) -c $< -o $@ $(ERROR_FILTER)

%.o: %.s
#  recipe to execute (from '/opt/devkitpro/devkitARM/base_rules', line 94):
	$(SILENTMSG) $(notdir $<)
	$(SILENTCMD)$(CC) -MMD -MP -MF $(DEPSDIR)/$*.d -x assembler-with-cpp $(ASFLAGS) -c $< -o $@ $(ERROR_FILTER)

%.o: %.S
#  recipe to execute (from '/opt/devkitpro/devkitARM/base_rules', line 99):
	$(SILENTMSG) $(notdir $<)
	$(SILENTCMD)$(CC) -MMD -MP -MF $(DEPSDIR)/$*.d -x assembler-with-cpp $(ASFLAGS) -c $< -o $@ $(ERROR_FILTER)

%.gba: %.elf
#  recipe to execute (from '/opt/devkitpro/devkitARM/gba_rules', line 13):
	$(SILENTCMD)$(OBJCOPY) -O binary $< $@
	@echo built ... $(notdir $@)
	$(SILENTCMD)gbafix $@

%_mb.elf:
#  recipe to execute (from '/opt/devkitpro/devkitARM/gba_rules', line 19):
	$(SILENTMSG) linking multiboot
	$(SILENTCMD)$(LD) -specs=gba_mb.specs $(LDFLAGS) $(OFILES) $(LIBPATHS) $(LIBS) -o $@

%.elf:
#  recipe to execute (from '/opt/devkitpro/devkitARM/gba_rules', line 24):
	$(SILENTMSG) linking cartridge
	$(SILENTCMD)$(LD)  $(LDFLAGS) -specs=gba.specs $(OFILES) $(LIBPATHS) $(LIBS) -o $@

# 21 implicit rules, 0 (0.0%) terminal.

# Files

# Not a target:
all:
#  Command line target.
#  Implicit rule search has been done.
#  File does not exist.
#  File has not been updated.

.PHONY: build clean
#  Implicit rule search has not been done.
#  Modification time never checked.
#  File has not been updated.

# Not a target:
/opt/devkitpro/devkitARM/gba_rules:
#  Implicit rule search has been done.
#  Last modified 2020-07-28 04:27:14
#  File has been updated.
#  Successfully updated.

.SUFFIXES:
#  Implicit rule search has not been done.
#  Modification time never checked.
#  File has not been updated.

# Not a target:
Makefile:
#  Implicit rule search has been done.
#  Last modified 2022-07-09 22:20:20.539381
#  File has been updated.
#  Successfully updated.

build:
#  Phony target (prerequisite of .PHONY).
#  Implicit rule search has not been done.
#  File does not exist.
#  File has not been updated.
#  recipe to execute (from 'Makefile', line 122):
	@[ -d $@ ] || mkdir -p $@
	@make BUILDDIR=`cd $(BUILD) && pwd` --no-print-directory -C $(BUILD) -f $(CURDIR)/Makefile

# Not a target:
/opt/devkitpro/devkitARM/base_rules:
#  Implicit rule search has been done.
#  Last modified 2020-07-28 04:27:14
#  File has been updated.
#  Successfully updated.

# Not a target:
.DEFAULT:
#  Implicit rule search has not been done.
#  Modification time never checked.
#  File has not been updated.

clean:
#  Phony target (prerequisite of .PHONY).
#  Implicit rule search has not been done.
#  File does not exist.
#  File has not been updated.
#  recipe to execute (from 'Makefile', line 127):
	@echo clean ...
	@rm -fr $(BUILD) $(TARGET).elf $(TARGET).gba 

# Not a target:
/opt/devkitpro/devkitARM/base_tools:
#  Implicit rule search has been done.
#  Last modified 2020-07-28 04:27:14
#  File has been updated.
 
#  Successfully updated.

# files hash-table stats:
# Load=10/1024=1%, Rehash=0, Collisions=0/31=0%
# VPATH Search Paths

# No 'vpath' search paths.

# General ('VPATH' variable) search path:
# /home/thibault/Documents/TRAVAIL/sites/applisMusique/HOMEBREWS/gba/drum_sequencer_gba_de_github/gba-drum-V2/source:/home/thibault/Documents/TRAVAIL/sites/applisMusique/HOMEBREWS/gba/drum_sequencer_gba_de_github/gba-drum-V2/font

# strcache buffers: 1 (0) / strings = 146 / storage = 1999 B / avg = 13 B
# current buf: size = 8162 B / used = 1999 B / count = 146 / avg = 13 B

# strcache performance: lookups = 186 / hit rate = 21%
# hash-table stats:
# Load=146/8192=2%, Rehash=0, Collisions=5/186=3%
# Finished Make data base on Fri Jul 29 10:55:56 2022

 
